Script started
Script started
Event Details:\nTitle: \nLocation: \nDate: \nPrice: $\nType: Script started
Event Details:\nTitle: lngwjlnogn\nLocation: Cairo Opera House\nDate: 2025-01-28\nPrice: $32123\nType: fundraiserokokok started
okokok started
okokok started
okokok started
787788okokok started
711111111711Script started
Script started
Script started
Script started
Script started
Script started
Script started
1611661711Script started
Event Details:\nTitle: tester_event\nLocation: Khan el-Khalili\nDate: 2025-01-29\nPrice: $320\nType: fundraiserScript started
Event Details:\nTitle: newer\nLocation: Citadel of Saladin\nDate: 2025-01-27\nPrice: $312\nType: fundraiserScript started
Event Details:\nTitle: fdfd\nLocation: Citadel of Saladin\nDate: 2025-02-06\nPrice: $1233.99\nType: fundraiserScript started
Event Details:\nTitle: okok\nLocation: Downtown Cairo\nDate: 2025-01-30\nPrice: $320\nType: fundraiserScript started
Event Details:\nTitle: gdfgdg\nLocation: Citadel of Saladin\nDate: 2025-01-29\nPrice: $123\nType: fundraiser677717666