[2025-01-17 14:32:06] Extracted values: 
Title: 
Location: 
Date: 
Price: 
Type: 
[2025-01-17 14:38:02] Extracted values: 
Title: 
Location: 
Date: 
Price: 
Type: 
[2025-01-17 14:39:52] Extracted values: 
Title: lngwjlnogn
Location: Cairo Opera House
Date: 2025-01-28
Price: 32123
Type: fundraiser
[2025-01-17 22:44:51] Extracted values: 
Title: tester_event
Location: Khan el-Khalili
Date: 2025-01-29
Price: 320
Type: fundraiser
[2025-01-17 22:46:21] Extracted values: 
Title: newer
Location: Citadel of Saladin
Date: 2025-01-27
Price: 312
Type: fundraiser
[2025-01-17 22:48:38] Extracted values: 
Title: fdfd
Location: Citadel of Saladin
Date: 2025-02-06
Price: 1233.99
Type: fundraiser
[2025-01-17 22:50:17] Extracted values: 
Title: okok
Location: Downtown Cairo
Date: 2025-01-30
Price: 320
Type: fundraiser
[2025-01-17 22:55:16] Extracted values: 
Title: gdfgdg
Location: Citadel of Saladin
Date: 2025-01-29
Price: 123
Type: fundraiser
